<?xml version="1.0" encoding="UTF-8"?>
<testsuite xmlns:xsi="http://www.w3.org/2001/XMLSchema-instance" xsi:noNamespaceSchemaLocation="https://maven.apache.org/surefire/maven-surefire-plugin/xsd/surefire-test-report-3.0.xsd" version="3.0" name="org.rcmd.jneuroformats.FsCurvTest" time="0.012" tests="5" errors="0" skipped="0" failures="0">
  <properties>
[...]
</properties>
  <testcase name="oneCanReadOurDemoCurvFile" classname="org.rcmd.jneuroformats.FsCurvTest" time="0.007"/>
  <testcase name="oneCanConstructEmptyFsCurv" classname="org.rcmd.jneuroformats.FsCurvTest" time="0"/>
  <testcase name="oneCanWriteAndRereadFsCurvInCsvFormat" classname="org.rcmd.jneuroformats.FsCurvTest" time="0.003"/>
  <testcase name="oneCanWriteAndRereadFsCurv" classname="org.rcmd.jneuroformats.FsCurvTest" time="0.001"/>
  <testcase name="oneCanConstructFsCurvWithData" classname="org.rcmd.jneuroformats.FsCurvTest" time="0"/>
</testsuite>